\BOOKMARK [1][-]{section.1}{\376\377\000S\000e\000t\000u\000p\000\040\000a\000n\000d\000\040\000N\000o\000t\000a\000t\000i\000o\000n}{}% 1
\BOOKMARK [2][-]{subsection.1.1}{\376\377\000T\000h\000e\000\040\000D\000a\000t\000a\000\040\000P\000i\000p\000e\000l\000i\000n\000e}{section.1}% 2
\BOOKMARK [2][-]{subsection.1.2}{\376\377\000A\000s\000s\000u\000m\000p\000t\000i\000o\000n\000s}{section.1}% 3
\BOOKMARK [2][-]{subsection.1.3}{\376\377\000D\000i\000m\000e\000n\000s\000i\000o\000n\000\040\000S\000u\000m\000m\000a\000r\000y}{section.1}% 4
\BOOKMARK [1][-]{section.2}{\376\377\000T\000h\000e\000\040\000G\000r\000a\000d\000i\000e\000n\000t\000\040\000L}{}% 5
\BOOKMARK [2][-]{subsection.2.1}{\376\377\000C\000o\000m\000p\000o\000s\000i\000t\000e\000\040\000S\000t\000r\000u\000c\000t\000u\000r\000e}{section.2}% 6
\BOOKMARK [2][-]{subsection.2.2}{\376\377\000G\000r\000a\000d\000i\000e\000n\000t\000\040\000o\000f\000\040\000L}{section.2}% 7
\BOOKMARK [2][-]{subsection.2.3}{\376\377\000G\000r\000a\000d\000i\000e\000n\000t\000\040\000w\000.\000r\000.\000t\000.\000\040\000\040\000\050\000t\000h\000e\000\040\000m\000o\000d\000e\000l\000\040\000p\000a\000r\000a\000m\000e\000t\000e\000r\000s\000\051}{section.2}% 8
\BOOKMARK [2][-]{subsection.2.4}{\376\377\000G\000r\000a\000d\000i\000e\000n\000t\000\040\000w\000.\000r\000.\000t\000.\000\040\000\040\000\050\000t\000h\000e\000\040\000e\000m\000b\000e\000d\000d\000i\000n\000g\000\040\000p\000a\000r\000a\000m\000e\000t\000e\000r\000s\000\051}{section.2}% 9
\BOOKMARK [2][-]{subsection.2.5}{\376\377\000T\000h\000e\000\040\000F\000u\000l\000l\000\040\000G\000r\000a\000d\000i\000e\000n\000t\000\040\000L}{section.2}% 10
\BOOKMARK [1][-]{section.3}{\376\377\000F\000i\000r\000s\000t\000-\000O\000r\000d\000e\000r\000\040\000T\000a\000y\000l\000o\000r\000\040\000E\000x\000p\000a\000n\000s\000i\000o\000n\000\040\000a\000n\000d\000\040\000t\000h\000e\000\040\000T\000r\000i\000n\000i\000t\000y\000\040\000D\000e\000c\000o\000m\000p\000o\000s\000i\000t\000i\000o\000n}{}% 11
\BOOKMARK [2][-]{subsection.3.1}{\376\377\000T\000a\000y\000l\000o\000r\000\040\000E\000x\000p\000a\000n\000s\000i\000o\000n\000\040\000o\000f\000\040\000t\000h\000e\000\040\000L\000o\000s\000s}{section.3}% 12
\BOOKMARK [2][-]{subsection.3.2}{\376\377\000T\000h\000e\000\040\000E\000x\000p\000e\000c\000t\000e\000d\000\040\000R\000i\000s\000k\000\040\000a\000n\000d\000\040\000T\000r\000i\000n\000i\000t\000y\000\040\000D\000e\000c\000o\000m\000p\000o\000s\000i\000t\000i\000o\000n}{section.3}% 13
\BOOKMARK [2][-]{subsection.3.3}{\376\377\000T\000a\000y\000l\000o\000r\000\040\000+\000\040\000T\000r\000i\000n\000i\000t\000y\000\040\000=\000\040\000L\000o\000s\000s\000\040\000D\000e\000c\000o\000m\000p\000o\000s\000i\000t\000i\000o\000n}{section.3}% 14
\BOOKMARK [2][-]{subsection.3.4}{\376\377\000G\000r\000a\000d\000i\000e\000n\000t\000\040\000o\000f\000\040\000t\000h\000e\000\040\000T\000r\000i\000n\000i\000t\000y\000-\000E\000x\000p\000a\000n\000d\000e\000d\000\040\000R\000i\000s\000k}{section.3}% 15
\BOOKMARK [1][-]{section.4}{\376\377\000P\000a\000r\000a\000m\000e\000t\000e\000r\000-\000S\000p\000a\000c\000e\000\040\000T\000a\000y\000l\000o\000r\000\040\000E\000x\000p\000a\000n\000s\000i\000o\000n}{}% 16
\BOOKMARK [1][-]{section.5}{\376\377\000C\000o\000m\000p\000a\000r\000i\000s\000o\000n\000\040\000w\000i\000t\000h\000\040\000G\000i\000a\000n\000n\000o\000u\000\040\000e\000t\000\040\000a\000l\000.\000\040\000\050\0002\0000\0002\0002\000\051}{}% 17
\BOOKMARK [2][-]{subsection.5.1}{\376\377\000W\000h\000e\000r\000e\000\040\000t\000h\000e\000\040\000-\000F\000r\000a\000m\000e\000w\000o\000r\000k\000\040\000i\000s\000\040\000S\000u\000p\000e\000r\000i\000o\000r}{section.5}% 18
\BOOKMARK [2][-]{subsection.5.2}{\376\377\000F\000o\000r\000m\000a\000l\000\040\000R\000e\000f\000i\000n\000e\000m\000e\000n\000t\000:\000\040\000T\000r\000i\000n\000i\000t\000y\000\040\000G\000D\000P}{section.5}% 19
\BOOKMARK [2][-]{subsection.5.3}{\376\377\000T\000h\000e\000\040\000F\000i\000v\000e\000-\000C\000o\000m\000p\000o\000n\000e\000n\000t\000\040\000G\000r\000a\000d\000i\000e\000n\000t\000\040\000v\000s\000.\000\040\000G\000i\000a\000n\000n\000o\000u\000'\000s\000\040\000P\000G\000\040\000T\000e\000m\000p\000l\000a\000t\000e}{section.5}% 20
\BOOKMARK [1][-]{section.6}{\376\377\000T\000h\000e\000\040\000S\000O\000S\000\040\000C\000o\000n\000d\000i\000t\000i\000o\000n\000\040\000a\000n\000d\000\040\000T\000r\000i\000n\000i\000t\000y\000\040\000C\000u\000r\000v\000a\000t\000u\000r\000e}{}% 21
\BOOKMARK [1][-]{section.7}{\376\377\000S\000u\000m\000m\000a\000r\000y\000:\000\040\000W\000h\000a\000t\000\040\000t\000h\000e\000\040\000-\000F\000r\000a\000m\000e\000w\000o\000r\000k\000\040\000A\000d\000d\000s}{}% 22
