\BOOKMARK [1][-]{section.1}{\376\377\000I\000n\000t\000r\000o\000d\000u\000c\000t\000i\000o\000n}{}% 1
\BOOKMARK [2][-]{subsection.1.1}{\376\377\000C\000o\000n\000t\000r\000i\000b\000u\000t\000i\000o\000n\000s}{section.1}% 2
\BOOKMARK [2][-]{subsection.1.2}{\376\377\000R\000e\000l\000a\000t\000i\000o\000n\000\040\000t\000o\000\040\000P\000r\000i\000o\000r\000\040\000W\000o\000r\000k}{section.1}% 3
\BOOKMARK [1][-]{section.2}{\376\377\000P\000r\000e\000l\000i\000m\000i\000n\000a\000r\000i\000e\000s}{}% 4
\BOOKMARK [2][-]{subsection.2.1}{\376\377\000S\000t\000o\000c\000h\000a\000s\000t\000i\000c\000\040\000G\000a\000m\000e\000s}{section.2}% 5
\BOOKMARK [2][-]{subsection.2.2}{\376\377\000P\000o\000l\000i\000c\000y\000\040\000G\000r\000a\000d\000i\000e\000n\000t\000\040\000a\000n\000d\000\040\000R\000E\000I\000N\000F\000O\000R\000C\000E}{section.2}% 6
\BOOKMARK [2][-]{subsection.2.3}{\376\377\000T\000h\000e\000\040\000S\000O\000S\000\040\000C\000o\000n\000d\000i\000t\000i\000o\000n\000\040\000\050\000G\000i\000a\000n\000n\000o\000u\000\040\000e\000t\000\040\000a\000l\000.\000\051}{section.2}% 7
\BOOKMARK [1][-]{section.3}{\376\377\000E\000v\000i\000d\000e\000n\000c\000e\000-\000W\000e\000i\000g\000h\000t\000e\000d\000\040\000P\000o\000l\000i\000c\000y\000\040\000G\000r\000a\000d\000i\000e\000n\000t}{}% 8
\BOOKMARK [2][-]{subsection.3.1}{\376\377\000M\000o\000t\000i\000v\000a\000t\000i\000o\000n\000:\000\040\000H\000e\000t\000e\000r\000o\000g\000e\000n\000e\000o\000u\000s\000\040\000I\000n\000f\000o\000r\000m\000a\000t\000i\000o\000n}{section.3}% 9
\BOOKMARK [2][-]{subsection.3.2}{\376\377\000T\000h\000e\000\040\000K\000e\000y\000n\000e\000s\000i\000a\000n\000\040\000E\000v\000i\000d\000e\000n\000c\000e\000\040\000W\000e\000i\000g\000h\000t}{section.3}% 10
\BOOKMARK [2][-]{subsection.3.3}{\376\377\000V\000a\000r\000i\000a\000n\000c\000e\000\040\000I\000m\000p\000r\000o\000v\000e\000m\000e\000n\000t}{section.3}% 11
\BOOKMARK [2][-]{subsection.3.4}{\376\377\000A\000l\000g\000o\000r\000i\000t\000h\000m}{section.3}% 12
\BOOKMARK [1][-]{section.4}{\376\377\000O\000p\000p\000o\000n\000e\000n\000t\000-\000S\000h\000a\000p\000i\000n\000g\000\040\000P\000o\000l\000i\000c\000y\000\040\000G\000r\000a\000d\000i\000e\000n\000t}{}% 13
\BOOKMARK [2][-]{subsection.4.1}{\376\377\000T\000h\000e\000\040\000L\000O\000L\000A\000\040\000C\000o\000r\000r\000e\000c\000t\000i\000o\000n}{section.4}% 14
\BOOKMARK [2][-]{subsection.4.2}{\376\377\000C\000o\000n\000v\000e\000r\000g\000e\000n\000c\000e\000\040\000R\000e\000s\000u\000l\000t\000s}{section.4}% 15
\BOOKMARK [1][-]{section.5}{\376\377\000C\000o\000o\000p\000e\000r\000a\000t\000i\000v\000e\000\040\000P\000G\000\040\000w\000i\000t\000h\000\040\000L\000o\000s\000s\000y\000\040\000C\000o\000m\000m\000u\000n\000i\000c\000a\000t\000i\000o\000n}{}% 16
\BOOKMARK [2][-]{subsection.5.1}{\376\377\000T\000h\000e\000\040\000S\000e\000l\000f\000-\000K\000n\000o\000w\000l\000e\000d\000g\000e\000\040\000P\000r\000o\000b\000l\000e\000m}{section.5}% 17
\BOOKMARK [2][-]{subsection.5.2}{\376\377\000C\000o\000m\000m\000u\000n\000i\000c\000a\000t\000i\000o\000n\000\040\000L\000o\000s\000s\000\040\000D\000e\000c\000o\000m\000p\000o\000s\000i\000t\000i\000o\000n}{section.5}% 18
\BOOKMARK [2][-]{subsection.5.3}{\376\377\000T\000r\000i\000p\000l\000e\000-\000D\000u\000t\000y\000\040\000E\000v\000i\000d\000e\000n\000c\000e\000\040\000W\000e\000i\000g\000h\000t}{section.5}% 19
\BOOKMARK [2][-]{subsection.5.4}{\376\377\000C\000o\000a\000l\000i\000t\000i\000o\000n\000\040\000F\000o\000r\000m\000a\000t\000i\000o\000n}{section.5}% 20
\BOOKMARK [1][-]{section.6}{\376\377\000T\000h\000e\000\040\000B\000l\000e\000s\000s\000i\000n\000g\000\040\000o\000f\000\040\000D\000i\000m\000e\000n\000s\000i\000o\000n\000a\000l\000i\000t\000y}{}% 21
\BOOKMARK [2][-]{subsection.6.1}{\376\377\000T\000h\000e\000\040\000A\000p\000p\000a\000r\000e\000n\000t\000\040\000C\000u\000r\000s\000e}{section.6}% 22
\BOOKMARK [2][-]{subsection.6.2}{\376\377\000T\000h\000e\000\040\000B\000l\000e\000s\000s\000i\000n\000g\000:\000\040\000S\000p\000a\000r\000s\000e\000\040\000R\000e\000c\000o\000v\000e\000r\000y}{section.6}% 23
\BOOKMARK [2][-]{subsection.6.3}{\376\377\000T\000h\000e\000\040\000N\000a\000t\000u\000r\000a\000l\000\040\000C\000u\000r\000r\000i\000c\000u\000l\000u\000m}{section.6}% 24
\BOOKMARK [1][-]{section.7}{\376\377\000F\000i\000x\000e\000d\000-\000P\000o\000i\000n\000t\000\040\000N\000a\000s\000h\000\040\000E\000q\000u\000i\000l\000i\000b\000r\000i\000u\000m\000\040\000S\000e\000a\000r\000c\000h}{}% 25
\BOOKMARK [2][-]{subsection.7.1}{\376\377\000N\000a\000s\000h\000\040\000E\000q\000u\000i\000l\000i\000b\000r\000i\000a\000\040\000a\000s\000\040\000F\000i\000x\000e\000d\000\040\000P\000o\000i\000n\000t\000s}{section.7}% 26
\BOOKMARK [2][-]{subsection.7.2}{\376\377\000C\000o\000n\000t\000r\000a\000c\000t\000i\000o\000n\000\040\000a\000n\000d\000\040\000t\000h\000e\000\040\000B\000a\000n\000a\000c\000h\000\040\000F\000i\000x\000e\000d\000-\000P\000o\000i\000n\000t\000\040\000T\000h\000e\000o\000r\000e\000m}{section.7}% 27
\BOOKMARK [2][-]{subsection.7.3}{\376\377\000B\000a\000y\000e\000s\000i\000a\000n\000\040\000E\000x\000p\000l\000o\000r\000a\000t\000i\000o\000n\000\040\000o\000f\000\040\000t\000h\000e\000\040\000F\000i\000x\000e\000d\000-\000P\000o\000i\000n\000t\000\040\000S\000e\000t}{section.7}% 28
\BOOKMARK [2][-]{subsection.7.4}{\376\377\000C\000o\000o\000p\000e\000r\000a\000t\000i\000o\000n\000\040\000f\000r\000o\000m\000\040\000S\000e\000l\000f\000i\000s\000h\000\040\000S\000e\000a\000r\000c\000h}{section.7}% 29
\BOOKMARK [2][-]{subsection.7.5}{\376\377\000T\000h\000e\000\040\000T\000o\000p\000o\000l\000o\000g\000i\000c\000a\000l\000\040\000C\000o\000o\000p\000e\000r\000a\000t\000i\000o\000n\000\040\000T\000h\000e\000o\000r\000e\000m}{section.7}% 30
\BOOKMARK [2][-]{subsection.7.6}{\376\377\000I\000n\000t\000e\000g\000r\000a\000t\000i\000o\000n\000:\000\040\000F\000P\000-\000N\000E\000\040\000a\000s\000\040\000P\000h\000a\000s\000e\000\040\0000\000\040\000o\000f\000\040\000-\000P\000G}{section.7}% 31
\BOOKMARK [2][-]{subsection.7.7}{\376\377\000R\000e\000l\000a\000t\000i\000o\000n\000\040\000t\000o\000\040\000M\000e\000t\000a\000-\000V\000a\000l\000u\000e\000\040\000L\000e\000a\000r\000n\000i\000n\000g\000\040\000a\000n\000d\000\040\000M\000e\000t\000a\000-\000M\000A\000P\000G}{section.7}% 32
\BOOKMARK [1][-]{section.8}{\376\377\000T\000h\000e\000\040\000C\000o\000m\000p\000l\000e\000t\000e\000\040\000-\000G\000r\000a\000d\000i\000e\000n\000t}{}% 33
\BOOKMARK [2][-]{subsection.8.1}{\376\377\000U\000n\000i\000f\000i\000e\000d\000\040\000U\000p\000d\000a\000t\000e\000\040\000R\000u\000l\000e}{section.8}% 34
\BOOKMARK [2][-]{subsection.8.2}{\376\377\000M\000a\000p\000p\000i\000n\000g\000\040\000t\000o\000\040\000t\000h\000e\000\040\000-\000F\000r\000a\000m\000e\000w\000o\000r\000k}{section.8}% 35
\BOOKMARK [2][-]{subsection.8.3}{\376\377\000S\000i\000x\000-\000W\000a\000y\000\040\000R\000i\000s\000k\000\040\000D\000e\000c\000o\000m\000p\000o\000s\000i\000t\000i\000o\000n}{section.8}% 36
\BOOKMARK [1][-]{section.9}{\376\377\000L\000e\000a\000n\000\040\0004\000\040\000F\000o\000r\000m\000a\000l\000i\000z\000a\000t\000i\000o\000n}{}% 37
\BOOKMARK [1][-]{section.10}{\376\377\000E\000x\000p\000e\000r\000i\000m\000e\000n\000t\000a\000l\000\040\000V\000a\000l\000i\000d\000a\000t\000i\000o\000n}{}% 38
\BOOKMARK [2][-]{subsection.10.1}{\376\377\000E\000x\000p\000e\000r\000i\000m\000e\000n\000t\000\040\0001\000:\000\040\000E\000W\000-\000P\000G\000\040\000V\000a\000r\000i\000a\000n\000c\000e\000\040\000R\000e\000d\000u\000c\000t\000i\000o\000n}{section.10}% 39
\BOOKMARK [2][-]{subsection.10.2}{\376\377\000E\000x\000p\000e\000r\000i\000m\000e\000n\000t\000\040\0002\000:\000\040\000B\000l\000e\000s\000s\000i\000n\000g\000\040\000o\000f\000\040\000D\000i\000m\000e\000n\000s\000i\000o\000n\000a\000l\000i\000t\000y}{section.10}% 40
\BOOKMARK [2][-]{subsection.10.3}{\376\377\000E\000x\000p\000e\000r\000i\000m\000e\000n\000t\000\040\0003\000:\000\040\000C\000o\000a\000l\000i\000t\000i\000o\000n\000\040\000F\000o\000r\000m\000a\000t\000i\000o\000n}{section.10}% 41
\BOOKMARK [2][-]{subsection.10.4}{\376\377\000E\000x\000p\000e\000r\000i\000m\000e\000n\000t\000\040\0004\000:\000\040\000F\000u\000l\000l\000\040\000-\000P\000G}{section.10}% 42
\BOOKMARK [2][-]{subsection.10.5}{\376\377\000E\000x\000p\000e\000r\000i\000m\000e\000n\000t\000\040\0005\000:\000\040\000S\000p\000a\000r\000s\000i\000t\000y\000\040\000C\000u\000r\000r\000i\000c\000u\000l\000u\000m}{section.10}% 43
\BOOKMARK [2][-]{subsection.10.6}{\376\377\000E\000x\000p\000e\000r\000i\000m\000e\000n\000t\000\040\0006\000:\000\040\000F\000P\000-\000N\000E\000\040\000D\000i\000s\000c\000o\000v\000e\000r\000y\000\040\000a\000n\000d\000\040\000C\000o\000n\000t\000r\000a\000c\000t\000i\000o\000n\000\040\000R\000a\000t\000e\000s}{section.10}% 44
\BOOKMARK [2][-]{subsection.10.7}{\376\377\000E\000x\000p\000e\000r\000i\000m\000e\000n\000t\000\040\0007\000:\000\040\000E\000q\000u\000i\000l\000i\000b\000r\000i\000u\000m\000\040\000S\000e\000l\000e\000c\000t\000i\000o\000n\000\040\000Q\000u\000a\000l\000i\000t\000y}{section.10}% 45
\BOOKMARK [2][-]{subsection.10.8}{\376\377\000E\000x\000p\000e\000r\000i\000m\000e\000n\000t\000\040\0008\000:\000\040\000B\000a\000y\000e\000s\000i\000a\000n\000\040\000S\000t\000o\000p\000p\000i\000n\000g\000\040\000a\000n\000d\000\040\000C\000o\000o\000p\000e\000r\000a\000t\000i\000o\000n\000\040\000f\000r\000o\000m\000\040\000S\000e\000l\000f\000i\000s\000h\000n\000e\000s\000s}{section.10}% 46
\BOOKMARK [2][-]{subsection.10.9}{\376\377\000E\000x\000p\000e\000r\000i\000m\000e\000n\000t\000\040\0009\000:\000\040\000I\000t\000e\000r\000a\000t\000e\000d\000\040\000P\000r\000i\000s\000o\000n\000e\000r\000'\000s\000\040\000D\000i\000l\000e\000m\000m\000a\000\040\040\024\000\040\000A\000d\000a\000p\000t\000a\000t\000i\000o\000n\000\040\000\050\000K\000i\000m\000\040\000e\000t\000\040\000a\000l\000.\000\051}{section.10}% 47
\BOOKMARK [2][-]{subsection.10.10}{\376\377\000E\000x\000p\000e\000r\000i\000m\000e\000n\000t\000\040\0001\0000\000:\000\040\000I\000t\000e\000r\000a\000t\000e\000d\000\040\000R\000P\000S\000\040\040\024\000\040\000C\000o\000m\000p\000e\000t\000i\000t\000i\000v\000e\000\040\000E\000x\000p\000l\000o\000i\000t\000a\000t\000i\000o\000n}{section.10}% 48
\BOOKMARK [2][-]{subsection.10.11}{\376\377\000E\000x\000p\000e\000r\000i\000m\000e\000n\000t\000\040\0001\0001\000:\000\040\000S\000t\000r\000a\000t\000e\000g\000y\000\040\000I\000d\000e\000n\000t\000i\000f\000i\000c\000a\000t\000i\000o\000n}{section.10}% 49
\BOOKMARK [2][-]{subsection.10.12}{\376\377\000E\000x\000p\000e\000r\000i\000m\000e\000n\000t\000\040\0001\0002\000:\000\040\000S\000c\000a\000l\000i\000n\000g\000\040\000t\000o\000\040\000N\000\040\000P\000l\000a\000y\000e\000r\000s}{section.10}% 50
\BOOKMARK [2][-]{subsection.10.13}{\376\377\000E\000x\000p\000e\000r\000i\000m\000e\000n\000t\000\040\0001\0003\000:\000\040\000T\000o\000p\000o\000l\000o\000g\000i\000c\000a\000l\000\040\000C\000o\000o\000p\000e\000r\000a\000t\000i\000o\000n\000\040\000T\000h\000e\000o\000r\000e\000m}{section.10}% 51
\BOOKMARK [2][-]{subsection.10.14}{\376\377\000E\000x\000p\000e\000r\000i\000m\000e\000n\000t\000\040\0001\0004\000:\000\040\000A\000I\000\040\000S\000a\000f\000e\000t\000y\000\040\040\024\000\040\000C\000o\000r\000r\000i\000g\000i\000b\000i\000l\000i\000t\000y}{section.10}% 52
\BOOKMARK [2][-]{subsection.10.15}{\376\377\000E\000x\000p\000e\000r\000i\000m\000e\000n\000t\000\040\0001\0005\000:\000\040\000A\000I\000\040\000S\000a\000f\000e\000t\000y\000\040\040\024\000\040\000D\000e\000c\000e\000p\000t\000i\000v\000e\000\040\000A\000l\000i\000g\000n\000m\000e\000n\000t}{section.10}% 53
\BOOKMARK [2][-]{subsection.10.16}{\376\377\000E\000x\000p\000e\000r\000i\000m\000e\000n\000t\000\040\0001\0006\000:\000\040\000A\000I\000\040\000S\000a\000f\000e\000t\000y\000\040\040\024\000\040\000D\000e\000b\000a\000t\000e}{section.10}% 54
\BOOKMARK [2][-]{subsection.10.17}{\376\377\000E\000x\000p\000e\000r\000i\000m\000e\000n\000t\000\040\0001\0007\000:\000\040\000M\000e\000s\000a\000-\000O\000p\000t\000i\000m\000i\000s\000a\000t\000i\000o\000n\000\040\000D\000e\000t\000e\000c\000t\000i\000o\000n}{section.10}% 55
\BOOKMARK [2][-]{subsection.10.18}{\376\377\000E\000x\000p\000e\000r\000i\000m\000e\000n\000t\000\040\0001\0008\000:\000\040\000P\000o\000w\000e\000r\000-\000S\000e\000e\000k\000i\000n\000g\000\040\000D\000y\000n\000a\000m\000i\000c\000s}{section.10}% 56
\BOOKMARK [2][-]{subsection.10.19}{\376\377\000E\000x\000p\000e\000r\000i\000m\000e\000n\000t\000\040\0001\0009\000:\000\040\000M\000u\000l\000t\000i\000-\000P\000r\000i\000n\000c\000i\000p\000a\000l\000\040\000A\000I\000\040\000G\000o\000v\000e\000r\000n\000a\000n\000c\000e}{section.10}% 57
\BOOKMARK [2][-]{subsection.10.20}{\376\377\000E\000x\000p\000e\000r\000i\000m\000e\000n\000t\000\040\0002\0000\000:\000\040\000T\000h\000e\000\040\000A\000l\000i\000g\000n\000m\000e\000n\000t\000\040\000T\000a\000x}{section.10}% 58
\BOOKMARK [2][-]{subsection.10.21}{\376\377\000E\000x\000p\000e\000r\000i\000m\000e\000n\000t\000\040\0002\0001\000:\000\040\000Q\000R\000E\000\040\000H\000o\000m\000o\000t\000o\000p\000y\000\040\040\024\000\040\000B\000i\000f\000u\000r\000c\000a\000t\000i\000o\000n\000\040\000T\000r\000a\000c\000k\000i\000n\000g}{section.10}% 59
\BOOKMARK [2][-]{subsection.10.22}{\376\377\000E\000x\000p\000e\000r\000i\000m\000e\000n\000t\000\040\0002\0002\000:\000\040\000S\000p\000e\000c\000t\000r\000a\000l\000\040\000A\000n\000a\000l\000y\000s\000i\000s\000\040\000o\000f\000\040\000t\000h\000e\000\040\000B\000R\000\040\000J\000a\000c\000o\000b\000i\000a\000n}{section.10}% 60
\BOOKMARK [2][-]{subsection.10.23}{\376\377\000E\000x\000p\000e\000r\000i\000m\000e\000n\000t\000\040\0002\0003\000:\000\040\000M\000e\000t\000a\000-\000L\000e\000a\000r\000n\000i\000n\000g\000\040\000f\000o\000r\000\040\000I\000P\000D\000\040\000C\000o\000o\000p\000e\000r\000a\000t\000i\000o\000n}{section.10}% 61
\BOOKMARK [2][-]{subsection.10.24}{\376\377\000S\000u\000m\000m\000a\000r\000y\000\040\000o\000f\000\040\000E\000x\000p\000e\000r\000i\000m\000e\000n\000t\000a\000l\000\040\000F\000i\000n\000d\000i\000n\000g\000s}{section.10}% 62
\BOOKMARK [1][-]{section.11}{\376\377\000D\000i\000s\000c\000u\000s\000s\000i\000o\000n}{}% 63
\BOOKMARK [2][-]{subsection.11.1}{\376\377\000T\000h\000e\000\040\000E\000v\000i\000d\000e\000n\000c\000e\000\040\000W\000e\000i\000g\000h\000t\000\040\000a\000s\000\040\000U\000n\000i\000f\000y\000i\000n\000g\000\040\000C\000o\000n\000c\000e\000p\000t}{section.11}% 64
\BOOKMARK [2][-]{subsection.11.2}{\376\377\000L\000O\000L\000A\000\040\000a\000n\000d\000\040\000C\000o\000o\000p\000e\000r\000a\000t\000i\000o\000n\000\040\000a\000s\000\040\000D\000u\000a\000l\000\040\000G\000\366\000d\000e\000l\000i\000a\000n\000\040\000M\000e\000c\000h\000a\000n\000i\000s\000m\000s}{section.11}% 65
\BOOKMARK [2][-]{subsection.11.3}{\376\377\000T\000h\000e\000\040\000V\000i\000b\000i\000n\000g\000\040\000S\000c\000a\000l\000e\000:\000\040\000A\000\040\000H\000o\000r\000s\000e\000s\000h\000o\000e\000,\000\040\000N\000o\000t\000\040\000a\000\040\000L\000i\000n\000e}{section.11}% 66
\BOOKMARK [2][-]{subsection.11.4}{\376\377\000C\000o\000m\000p\000u\000t\000a\000t\000i\000o\000n\000\040\000a\000s\000\040\000C\000o\000o\000p\000e\000r\000a\000t\000i\000o\000n\000\040\000M\000e\000c\000h\000a\000n\000i\000s\000m\000:\000\040\000I\000m\000p\000l\000i\000c\000a\000t\000i\000o\000n\000s\000\040\000f\000o\000r\000\040\000A\000I\000\040\000S\000a\000f\000e\000t\000y}{section.11}% 67
\BOOKMARK [2][-]{subsection.11.5}{\376\377\000L\000i\000m\000i\000t\000a\000t\000i\000o\000n\000s\000\040\000a\000n\000d\000\040\000F\000u\000t\000u\000r\000e\000\040\000W\000o\000r\000k}{section.11}% 68
\BOOKMARK [1][-]{section.12}{\376\377\000C\000o\000n\000c\000l\000u\000s\000i\000o\000n}{}% 69
