\BOOKMARK [1][-]{section.1}{\376\377\000B\000a\000c\000k\000g\000r\000o\000u\000n\000d\000\040\000a\000n\000d\000\040\000S\000e\000t\000u\000p}{}% 1
\BOOKMARK [2][-]{subsection.1.1}{\376\377\000T\000h\000e\000\040\000M\000e\000t\000a\000-\000M\000A\000P\000G\000\040\000T\000h\000r\000e\000e\000-\000T\000e\000r\000m\000\040\000G\000r\000a\000d\000i\000e\000n\000t}{section.1}% 2
\BOOKMARK [2][-]{subsection.1.2}{\376\377\000G\000a\000m\000e\000\040\000E\000n\000v\000i\000r\000o\000n\000m\000e\000n\000t\000s}{section.1}% 3
\BOOKMARK [2][-]{subsection.1.3}{\376\377\000I\000m\000p\000l\000e\000m\000e\000n\000t\000a\000t\000i\000o\000n}{section.1}% 4
\BOOKMARK [1][-]{section.2}{\376\377\000E\000x\000p\000e\000r\000i\000m\000e\000n\000t\000s\000\040\0001\040\023\0004\000:\000\040\000B\000a\000s\000e\000l\000i\000n\000e\000\040\000R\000e\000s\000u\000l\000t\000s}{}% 5
\BOOKMARK [2][-]{subsection.2.1}{\376\377\000E\000x\000p\000e\000r\000i\000m\000e\000n\000t\000\040\0001\000:\000\040\000M\000a\000t\000c\000h\000i\000n\000g\000\040\000P\000e\000n\000n\000i\000e\000s}{section.2}% 6
\BOOKMARK [2][-]{subsection.2.2}{\376\377\000E\000x\000p\000e\000r\000i\000m\000e\000n\000t\000\040\0002\000:\000\040\000P\000r\000i\000s\000o\000n\000e\000r\000'\000s\000\040\000D\000i\000l\000e\000m\000m\000a}{section.2}% 7
\BOOKMARK [2][-]{subsection.2.3}{\376\377\000E\000x\000p\000e\000r\000i\000m\000e\000n\000t\000\040\0003\000:\000\040\000L\000o\000o\000k\000a\000h\000e\000a\000d\000\040\000S\000e\000n\000s\000i\000t\000i\000v\000i\000t\000y}{section.2}% 8
\BOOKMARK [2][-]{subsection.2.4}{\376\377\000E\000x\000p\000e\000r\000i\000m\000e\000n\000t\000\040\0004\000:\000\040\000I\000n\000i\000t\000i\000a\000l\000\040\000C\000o\000n\000d\000i\000t\000i\000o\000n\000\040\000R\000o\000b\000u\000s\000t\000n\000e\000s\000s}{section.2}% 9
\BOOKMARK [2][-]{subsection.2.5}{\376\377\000B\000a\000s\000e\000l\000i\000n\000e\000\040\000N\000u\000m\000e\000r\000i\000c\000a\000l\000\040\000S\000u\000m\000m\000a\000r\000y}{section.2}% 10
\BOOKMARK [1][-]{section.3}{\376\377\000E\000x\000p\000e\000r\000i\000m\000e\000n\000t\000\040\0005\000:\000\040\000G\000r\000a\000d\000i\000e\000n\000t\000\040\000T\000e\000r\000m\000\040\000D\000e\000c\000o\000m\000p\000o\000s\000i\000t\000i\000o\000n}{}% 11
\BOOKMARK [2][-]{subsection.3.1}{\376\377\000I\000n\000t\000e\000r\000p\000r\000e\000t\000a\000t\000i\000o\000n}{section.3}% 12
\BOOKMARK [1][-]{section.4}{\376\377\000E\000x\000p\000e\000r\000i\000m\000e\000n\000t\000\040\0006\000:\000\040\000E\000x\000t\000e\000n\000d\000e\000d\000\040\000G\000a\000m\000e\000\040\000S\000u\000i\000t\000e}{}% 13
\BOOKMARK [1][-]{section.5}{\376\377\000E\000x\000p\000e\000r\000i\000m\000e\000n\000t\000s\000\040\0007\040\023\0008\000:\000\040\000N\000-\000A\000g\000e\000n\000t\000\040\000G\000a\000m\000e\000s}{}% 14
\BOOKMARK [2][-]{subsection.5.1}{\376\377\000E\000x\000p\000e\000r\000i\000m\000e\000n\000t\000\040\0007\000:\000\040\000N\000-\000A\000g\000e\000n\000t\000\040\000P\000u\000b\000l\000i\000c\000\040\000G\000o\000o\000d\000s}{section.5}% 15
\BOOKMARK [2][-]{subsection.5.2}{\376\377\000E\000x\000p\000e\000r\000i\000m\000e\000n\000t\000\040\0008\000:\000\040\000N\000-\000A\000g\000e\000n\000t\000\040\000S\000t\000a\000g\000\040\000H\000u\000n\000t\000\040\000w\000i\000t\000h\000\040\000T\000h\000r\000e\000s\000h\000o\000l\000d\000s}{section.5}% 16
\BOOKMARK [1][-]{section.6}{\376\377\000E\000x\000p\000e\000r\000i\000m\000e\000n\000t\000\040\0009\000:\000\040\000S\000t\000o\000c\000h\000a\000s\000t\000i\000c\000\040\000v\000s\000\040\000E\000x\000a\000c\000t\000\040\000G\000r\000a\000d\000i\000e\000n\000t\000s}{}% 17
\BOOKMARK [1][-]{section.7}{\376\377\000E\000x\000p\000e\000r\000i\000m\000e\000n\000t\000\040\0001\0000\000:\000\040\000L\000e\000a\000r\000n\000i\000n\000g\000\040\000R\000a\000t\000e\000\040\000L\000a\000n\000d\000s\000c\000a\000p\000e}{}% 18
\BOOKMARK [1][-]{section.8}{\376\377\000E\000x\000p\000e\000r\000i\000m\000e\000n\000t\000\040\0001\0001\000:\000\040\000C\000o\000n\000v\000e\000r\000g\000e\000n\000c\000e\000\040\000R\000a\000t\000e\000\040\000Q\000u\000a\000n\000t\000i\000f\000i\000c\000a\000t\000i\000o\000n}{}% 19
\BOOKMARK [1][-]{section.9}{\376\377\000E\000x\000p\000e\000r\000i\000m\000e\000n\000t\000s\000\040\0001\0002\040\023\0001\0003\000:\000\040\000T\000e\000r\000m\000\040\000D\000y\000n\000a\000m\000i\000c\000s\000\040\000a\000n\000d\000\040\000J\000a\000c\000o\000b\000i\000a\000n\000\040\000E\000v\000o\000l\000u\000t\000i\000o\000n}{}% 20
\BOOKMARK [2][-]{subsection.9.1}{\376\377\000E\000x\000p\000e\000r\000i\000m\000e\000n\000t\000\040\0001\0002\000:\000\040\000S\000t\000a\000c\000k\000e\000d\000\040\000A\000r\000e\000a\000\040\040\024\000\040\000T\000e\000r\000m\000\040\000P\000r\000o\000p\000o\000r\000t\000i\000o\000n\000s\000\040\000O\000v\000e\000r\000\040\000T\000i\000m\000e}{section.9}% 21
\BOOKMARK [2][-]{subsection.9.2}{\376\377\000E\000x\000p\000e\000r\000i\000m\000e\000n\000t\000\040\0001\0003\000:\000\040\000J\000a\000c\000o\000b\000i\000a\000n\000\040\000E\000v\000o\000l\000u\000t\000i\000o\000n}{section.9}% 22
\BOOKMARK [1][-]{section.10}{\376\377\000E\000x\000p\000e\000r\000i\000m\000e\000n\000t\000\040\0001\0004\000:\000\040\000A\000b\000l\000a\000t\000i\000o\000n\000\040\000S\000t\000u\000d\000y}{}% 23
\BOOKMARK [1][-]{section.11}{\376\377\000E\000x\000p\000e\000r\000i\000m\000e\000n\000t\000\040\0001\0005\000:\000\040\000N\000-\000A\000g\000e\000n\000t\000\040\000T\000e\000r\000m\000\040\000D\000e\000c\000o\000m\000p\000o\000s\000i\000t\000i\000o\000n}{}% 24
\BOOKMARK [1][-]{section.12}{\376\377\000E\000x\000t\000e\000n\000d\000e\000d\000\040\000N\000u\000m\000e\000r\000i\000c\000a\000l\000\040\000S\000u\000m\000m\000a\000r\000y}{}% 25
\BOOKMARK [1][-]{section.13}{\376\377\000D\000i\000s\000c\000u\000s\000s\000i\000o\000n\000\040\000a\000n\000d\000\040\000L\000i\000m\000i\000t\000a\000t\000i\000o\000n\000s}{}% 26
\BOOKMARK [2][-]{subsection.13.1}{\376\377\000W\000h\000a\000t\000\040\000t\000h\000e\000\040\000E\000x\000p\000e\000r\000i\000m\000e\000n\000t\000s\000\040\000S\000h\000o\000w}{section.13}% 27
\BOOKMARK [2][-]{subsection.13.2}{\376\377\000L\000i\000m\000i\000t\000a\000t\000i\000o\000n\000s}{section.13}% 28
\BOOKMARK [2][-]{subsection.13.3}{\376\377\000I\000m\000p\000l\000i\000c\000a\000t\000i\000o\000n\000s\000\040\000f\000o\000r\000\040\000L\000L\000M\000\040\000S\000t\000e\000e\000r\000i\000n\000g}{section.13}% 29
\BOOKMARK [1][-]{section.14}{\376\377\000A\000p\000p\000e\000n\000d\000i\000x\000:\000\040\000C\000o\000d\000e\000\040\000S\000t\000r\000u\000c\000t\000u\000r\000e}{}% 30
